[0.048s] DEBUG:colcon:Command line arguments: ['/usr/bin/colcon', 'build', '--symlink-install', '--executor', 'sequential', '--cmake-args', '-DCMAKE_BUILD_TYPE=Release']
[0.048s] DEBUG:colcon:Parsed command line arguments: Namespace(log_base=None, log_level=None, verb_name='build', build_base='build', install_base='install', merge_install=False, symlink_install=True, test_result_base=None, continue_on_error=False, executor='sequential', parallel_workers=32, event_handlers=None, ignore_user_meta=False, metas=['./colcon.meta'], base_paths=['.'], packages_ignore=None, packages_ignore_regex=None, paths=None, packages_up_to=None, packages_up_to_regex=None, packages_above=None, packages_above_and_dependencies=None, packages_above_depth=None, packages_select_by_dep=None, packages_skip_by_dep=None, packages_skip_up_to=None, packages_select_build_failed=False, packages_skip_build_finished=False, packages_select_test_failures=False, packages_skip_test_passed=False, packages_select=None, packages_skip=None, packages_select_regex=None, packages_skip_regex=None, packages_start=None, packages_end=None, allow_overriding=[], cmake_args=['-DCMAKE_BUILD_TYPE=Release'], cmake_target=None, cmake_target_skip_unavailable=False, cmake_clean_cache=False, cmake_clean_first=False, cmake_force_configure=False, ament_cmake_args=None, catkin_cmake_args=None, catkin_skip_building_tests=False, mixin_files=None, mixin=None, verb_parser=<colcon_mixin.mixin.mixin_argument.MixinArgumentDecorator object at 0x78088eb42b30>, verb_extension=<colcon_core.verb.build.BuildVerb object at 0x78088ecc31f0>, main=<bound method BuildVerb.main of <colcon_core.verb.build.BuildVerb object at 0x78088ecc31f0>>, mixin_verb=('build',))
[0.123s] Level 1:colcon.colcon_core.package_discovery:discover_packages(colcon_meta) check parameters
[0.123s] Level 1:colcon.colcon_core.package_discovery:discover_packages(recursive) check parameters
[0.123s] Level 1:colcon.colcon_core.package_discovery:discover_packages(ignore) check parameters
[0.123s] Level 1:colcon.colcon_core.package_discovery:discover_packages(path) check parameters
[0.123s] Level 1:colcon.colcon_core.package_discovery:discover_packages(colcon_meta) discover
[0.123s] Level 1:colcon.colcon_core.package_discovery:discover_packages(recursive) discover
[0.123s] INFO:colcon.colcon_core.package_discovery:Crawling recursively for packages in '/workspaces/smartfactory_pkg/smartfactory_ws/src/External_Packages/ros2-aruco-pose-estimation/aruco_pose_estimation/launch'
[0.123s] Level 1:colcon.colcon_core.package_identification:_identify(.) by extensions ['ignore', 'ignore_ament_install']
[0.123s] Level 1:colcon.colcon_core.package_identification:_identify(.) by extension 'ignore'
[0.123s] Level 1:colcon.colcon_core.package_identification:_identify(.) by extension 'ignore_ament_install'
[0.123s] Level 1:colcon.colcon_core.package_identification:_identify(.) by extensions ['colcon_pkg']
[0.123s] Level 1:colcon.colcon_core.package_identification:_identify(.) by extension 'colcon_pkg'
[0.123s] Level 1:colcon.colcon_core.package_identification:_identify(.) by extensions ['colcon_meta']
[0.123s] Level 1:colcon.colcon_core.package_identification:_identify(.) by extension 'colcon_meta'
[0.124s] Level 1:colcon.colcon_core.package_identification:_identify(.) by extensions ['ros']
[0.124s] Level 1:colcon.colcon_core.package_identification:_identify(.) by extension 'ros'
[0.129s] Level 1:colcon.colcon_core.package_identification:_identify(.) by extensions ['cmake', 'python']
[0.129s] Level 1:colcon.colcon_core.package_identification:_identify(.) by extension 'cmake'
[0.129s] Level 1:colcon.colcon_core.package_identification:_identify(.) by extension 'python'
[0.129s] Level 1:colcon.colcon_core.package_identification:_identify(.) by extensions ['python_setup_py']
[0.129s] Level 1:colcon.colcon_core.package_identification:_identify(.) by extension 'python_setup_py'
[0.129s] Level 1:colcon.colcon_core.package_identification:_identify(build) by extensions ['ignore', 'ignore_ament_install']
[0.129s] Level 1:colcon.colcon_core.package_identification:_identify(build) by extension 'ignore'
[0.129s] Level 1:colcon.colcon_core.package_identification:_identify(build) ignored
[0.129s] Level 1:colcon.colcon_core.package_identification:_identify(install) by extensions ['ignore', 'ignore_ament_install']
[0.129s] Level 1:colcon.colcon_core.package_identification:_identify(install) by extension 'ignore'
[0.129s] Level 1:colcon.colcon_core.package_identification:_identify(install) ignored
[0.129s] Level 1:colcon.colcon_core.package_identification:_identify(log) by extensions ['ignore', 'ignore_ament_install']
[0.129s] Level 1:colcon.colcon_core.package_identification:_identify(log) by extension 'ignore'
[0.129s] Level 1:colcon.colcon_core.package_identification:_identify(log) ignored
[0.129s] Level 1:colcon.colcon_core.package_discovery:discover_packages(recursive) using defaults
[0.129s] Level 1:colcon.colcon_core.package_discovery:discover_packages(ignore) discover
[0.129s] Level 1:colcon.colcon_core.package_discovery:discover_packages(ignore) using defaults
[0.129s] Level 1:colcon.colcon_core.package_discovery:discover_packages(path) discover
[0.129s] Level 1:colcon.colcon_core.package_discovery:discover_packages(path) using defaults
[0.142s] Level 1:colcon.colcon_core.package_discovery:discover_packages(prefix_path) check parameters
[0.142s] Level 1:colcon.colcon_core.package_discovery:discover_packages(prefix_path) discover
[0.143s] DEBUG:colcon.colcon_installed_package_information.package_discovery:Found 0 installed packages in /workspaces/smartfactory_pkg/smartfactory_ws/src/External_Packages/ros2-aruco-pose-estimation/aruco_pose_estimation/launch/install
[0.143s] DEBUG:colcon.colcon_installed_package_information.package_discovery:Found 426 installed packages in /opt/ros/humble
[0.144s] Level 1:colcon.colcon_core.package_discovery:discover_packages(prefix_path) using defaults
[0.166s] INFO:colcon.colcon_core.executor:Executing jobs using 'sequential' executor
[0.166s] DEBUG:colcon.colcon_core.executor.sequential:closing loop
[0.166s] DEBUG:colcon.colcon_core.executor.sequential:loop closed
[0.166s] DEBUG:colcon.colcon_core.event_reactor:joining thread
[0.169s] INFO:colcon.colcon_core.plugin_system:Skipping extension 'colcon_notification.desktop_notification.notify_send': Could not find 'notify-send'
[0.170s] INFO:colcon.colcon_core.plugin_system:Skipping extension 'colcon_notification.desktop_notification.terminal_notifier': Not used on non-Darwin systems
[0.170s] INFO:colcon.colcon_core.plugin_system:Skipping extension 'colcon_notification.desktop_notification.win32': Not used on non-Windows systems
[0.170s] INFO:colcon.colcon_notification.desktop_notification:Sending desktop notification using 'notify2'
[0.171s] DEBUG:colcon.colcon_notification.desktop_notification.notify2:Failed to initialize notify2: org.freedesktop.DBus.Error.Spawn.ExecFailed: /usr/bin/dbus-launch terminated abnormally without any error message
[0.171s] DEBUG:colcon.colcon_core.event_reactor:joined thread
[0.173s] INFO:colcon.colcon_core.plugin_system:Skipping extension 'colcon_core.shell.bat': Not used on non-Windows systems
[0.173s] INFO:colcon.colcon_core.shell:Creating prefix script '/workspaces/smartfactory_pkg/smartfactory_ws/src/External_Packages/ros2-aruco-pose-estimation/aruco_pose_estimation/launch/install/local_setup.ps1'
[0.174s] INFO:colcon.colcon_core.shell:Creating prefix util module '/workspaces/smartfactory_pkg/smartfactory_ws/src/External_Packages/ros2-aruco-pose-estimation/aruco_pose_estimation/launch/install/_local_setup_util_ps1.py'
[0.174s] INFO:colcon.colcon_core.shell:Creating prefix chain script '/workspaces/smartfactory_pkg/smartfactory_ws/src/External_Packages/ros2-aruco-pose-estimation/aruco_pose_estimation/launch/install/setup.ps1'
[0.175s] INFO:colcon.colcon_core.shell:Creating prefix script '/workspaces/smartfactory_pkg/smartfactory_ws/src/External_Packages/ros2-aruco-pose-estimation/aruco_pose_estimation/launch/install/local_setup.sh'
[0.175s] INFO:colcon.colcon_core.shell:Creating prefix util module '/workspaces/smartfactory_pkg/smartfactory_ws/src/External_Packages/ros2-aruco-pose-estimation/aruco_pose_estimation/launch/install/_local_setup_util_sh.py'
[0.175s] INFO:colcon.colcon_core.shell:Creating prefix chain script '/workspaces/smartfactory_pkg/smartfactory_ws/src/External_Packages/ros2-aruco-pose-estimation/aruco_pose_estimation/launch/install/setup.sh'
[0.175s] INFO:colcon.colcon_core.shell:Creating prefix script '/workspaces/smartfactory_pkg/smartfactory_ws/src/External_Packages/ros2-aruco-pose-estimation/aruco_pose_estimation/launch/install/local_setup.bash'
[0.176s] INFO:colcon.colcon_core.shell:Creating prefix chain script '/workspaces/smartfactory_pkg/smartfactory_ws/src/External_Packages/ros2-aruco-pose-estimation/aruco_pose_estimation/launch/install/setup.bash'
[0.176s] INFO:colcon.colcon_core.shell:Creating prefix script '/workspaces/smartfactory_pkg/smartfactory_ws/src/External_Packages/ros2-aruco-pose-estimation/aruco_pose_estimation/launch/install/local_setup.zsh'
[0.176s] INFO:colcon.colcon_core.shell:Creating prefix chain script '/workspaces/smartfactory_pkg/smartfactory_ws/src/External_Packages/ros2-aruco-pose-estimation/aruco_pose_estimation/launch/install/setup.zsh'
