[0.113s] DEBUG:colcon:Command line arguments: ['/usr/bin/colcon', 'build', '--symlink-install', '--cmake-args', '-DCMAKE_BUILD_TYPE=Release']
[0.113s] DEBUG:colcon:Parsed command line arguments: Namespace(log_base=None, log_level=None, verb_name='build', build_base='build', install_base='install', merge_install=False, symlink_install=True, test_result_base=None, continue_on_error=False, executor='parallel', parallel_workers=16, event_handlers=None, ignore_user_meta=False, metas=['./colcon.meta'], base_paths=['.'], packages_ignore=None, packages_ignore_regex=None, paths=None, packages_up_to=None, packages_up_to_regex=None, packages_above=None, packages_above_and_dependencies=None, packages_above_depth=None, packages_select_by_dep=None, packages_skip_by_dep=None, packages_skip_up_to=None, packages_select_build_failed=False, packages_skip_build_finished=False, packages_select_test_failures=False, packages_skip_test_passed=False, packages_select=None, packages_skip=None, packages_select_regex=None, packages_skip_regex=None, packages_start=None, packages_end=None, cmake_args=['-DCMAKE_BUILD_TYPE=Release'], cmake_target=None, cmake_target_skip_unavailable=False, cmake_clean_cache=False, cmake_clean_first=False, cmake_force_configure=False, ament_cmake_args=None, catkin_cmake_args=None, catkin_skip_building_tests=False, mixin_files=None, mixin=None, verb_parser=<colcon_mixin.mixin.mixin_argument.MixinArgumentDecorator object at 0x759059635220>, verb_extension=<colcon_core.verb.build.BuildVerb object at 0x759059603e00>, main=<bound method BuildVerb.main of <colcon_core.verb.build.BuildVerb object at 0x759059603e00>>, mixin_verb=('build',))
[0.152s] Level 1:colcon.colcon_core.package_discovery:discover_packages(colcon_meta) check parameters
[0.153s] Level 1:colcon.colcon_core.package_discovery:discover_packages(recursive) check parameters
[0.153s] Level 1:colcon.colcon_core.package_discovery:discover_packages(ignore) check parameters
[0.153s] Level 1:colcon.colcon_core.package_discovery:discover_packages(path) check parameters
[0.153s] Level 1:colcon.colcon_core.package_discovery:discover_packages(colcon_meta) discover
[0.153s] Level 1:colcon.colcon_core.package_discovery:discover_packages(recursive) discover
[0.153s] INFO:colcon.colcon_core.package_discovery:Crawling recursively for packages in '/workspaces/ind-5/ros2-ws/jazzy_ws/src/smart_factory_arm_description'
[0.153s] Level 1:colcon.colcon_core.package_identification:_identify(.) by extensions ['ignore', 'ignore_ament_install']
[0.153s] Level 1:colcon.colcon_core.package_identification:_identify(.) by extension 'ignore'
[0.153s] Level 1:colcon.colcon_core.package_identification:_identify(.) by extension 'ignore_ament_install'
[0.153s] Level 1:colcon.colcon_core.package_identification:_identify(.) by extensions ['colcon_pkg']
[0.153s] Level 1:colcon.colcon_core.package_identification:_identify(.) by extension 'colcon_pkg'
[0.153s] Level 1:colcon.colcon_core.package_identification:_identify(.) by extensions ['colcon_meta']
[0.153s] Level 1:colcon.colcon_core.package_identification:_identify(.) by extension 'colcon_meta'
[0.153s] Level 1:colcon.colcon_core.package_identification:_identify(.) by extensions ['ros']
[0.153s] Level 1:colcon.colcon_core.package_identification:_identify(.) by extension 'ros'
[0.183s] DEBUG:colcon.colcon_core.package_identification:Package '.' with type 'ros.ament_cmake' and name 'smart_factory_arm_description'
[0.183s] Level 1:colcon.colcon_core.package_discovery:discover_packages(recursive) using defaults
[0.183s] Level 1:colcon.colcon_core.package_discovery:discover_packages(ignore) discover
[0.183s] Level 1:colcon.colcon_core.package_discovery:discover_packages(ignore) using defaults
[0.183s] Level 1:colcon.colcon_core.package_discovery:discover_packages(path) discover
[0.183s] Level 1:colcon.colcon_core.package_discovery:discover_packages(path) using defaults
[0.203s] Level 5:colcon.colcon_core.verb:set package 'smart_factory_arm_description' build argument 'cmake_args' from command line to '['-DCMAKE_BUILD_TYPE=Release']'
[0.203s] Level 5:colcon.colcon_core.verb:set package 'smart_factory_arm_description' build argument 'cmake_target' from command line to 'None'
[0.203s] Level 5:colcon.colcon_core.verb:set package 'smart_factory_arm_description' build argument 'cmake_target_skip_unavailable' from command line to 'False'
[0.203s] Level 5:colcon.colcon_core.verb:set package 'smart_factory_arm_description' build argument 'cmake_clean_cache' from command line to 'False'
[0.203s] Level 5:colcon.colcon_core.verb:set package 'smart_factory_arm_description' build argument 'cmake_clean_first' from command line to 'False'
[0.203s] Level 5:colcon.colcon_core.verb:set package 'smart_factory_arm_description' build argument 'cmake_force_configure' from command line to 'False'
[0.203s] Level 5:colcon.colcon_core.verb:set package 'smart_factory_arm_description' build argument 'ament_cmake_args' from command line to 'None'
[0.203s] Level 5:colcon.colcon_core.verb:set package 'smart_factory_arm_description' build argument 'catkin_cmake_args' from command line to 'None'
[0.203s] Level 5:colcon.colcon_core.verb:set package 'smart_factory_arm_description' build argument 'catkin_skip_building_tests' from command line to 'False'
[0.203s] DEBUG:colcon.colcon_core.verb:Building package 'smart_factory_arm_description' with the following arguments: {'ament_cmake_args': None, 'build_base': '/workspaces/ind-5/ros2-ws/jazzy_ws/src/smart_factory_arm_description/build/smart_factory_arm_description', 'catkin_cmake_args': None, 'catkin_skip_building_tests': False, 'cmake_args': ['-DCMAKE_BUILD_TYPE=Release'], 'cmake_clean_cache': False, 'cmake_clean_first': False, 'cmake_force_configure': False, 'cmake_target': None, 'cmake_target_skip_unavailable': False, 'install_base': '/workspaces/ind-5/ros2-ws/jazzy_ws/src/smart_factory_arm_description/install/smart_factory_arm_description', 'merge_install': False, 'path': '/workspaces/ind-5/ros2-ws/jazzy_ws/src/smart_factory_arm_description', 'symlink_install': True, 'test_result_base': None}
[0.203s] INFO:colcon.colcon_core.executor:Executing jobs using 'parallel' executor
[0.204s] DEBUG:colcon.colcon_parallel_executor.executor.parallel:run_until_complete
[0.204s] INFO:colcon.colcon_ros.task.ament_cmake.build:Building ROS package in '/workspaces/ind-5/ros2-ws/jazzy_ws/src/smart_factory_arm_description' with build type 'ament_cmake'
[0.204s] INFO:colcon.colcon_cmake.task.cmake.build:Building CMake package in '/workspaces/ind-5/ros2-ws/jazzy_ws/src/smart_factory_arm_description'
[0.206s] INFO:colcon.colcon_core.plugin_system:Skipping extension 'colcon_core.shell.bat': Not used on non-Windows systems
[0.206s] INFO:colcon.colcon_core.shell:Skip shell extension 'powershell' for command environment: Not usable outside of PowerShell
[0.206s] DEBUG:colcon.colcon_core.shell:Skip shell extension 'dsv' for command environment
[0.224s] DEBUG:colcon.colcon_core.event_handler.log_command:Invoking command in '/workspaces/ind-5/ros2-ws/jazzy_ws/src/smart_factory_arm_description/build/smart_factory_arm_description': CMAKE_PREFIX_PATH=${CMAKE_PREFIX_PATH}:/workspaces/ind-5/ros2-ws/jazzy_ws/install/turtlebot2_commander:/opt/ros/jazzy DEBUGINFOD_URLS=https://debuginfod.ubuntu.com /usr/bin/cmake /workspaces/ind-5/ros2-ws/jazzy_ws/src/smart_factory_arm_description -DCMAKE_BUILD_TYPE=Release -DAMENT_CMAKE_SYMLINK_INSTALL=1 -DCMAKE_INSTALL_PREFIX=/workspaces/ind-5/ros2-ws/jazzy_ws/src/smart_factory_arm_description/install/smart_factory_arm_description
[3.609s] DEBUG:colcon.colcon_core.event_handler.log_command:Invoked command in '/workspaces/ind-5/ros2-ws/jazzy_ws/src/smart_factory_arm_description/build/smart_factory_arm_description' returned '0': CMAKE_PREFIX_PATH=${CMAKE_PREFIX_PATH}:/workspaces/ind-5/ros2-ws/jazzy_ws/install/turtlebot2_commander:/opt/ros/jazzy DEBUGINFOD_URLS=https://debuginfod.ubuntu.com /usr/bin/cmake /workspaces/ind-5/ros2-ws/jazzy_ws/src/smart_factory_arm_description -DCMAKE_BUILD_TYPE=Release -DAMENT_CMAKE_SYMLINK_INSTALL=1 -DCMAKE_INSTALL_PREFIX=/workspaces/ind-5/ros2-ws/jazzy_ws/src/smart_factory_arm_description/install/smart_factory_arm_description
[3.611s] DEBUG:colcon.colcon_core.event_handler.log_command:Invoking command in '/workspaces/ind-5/ros2-ws/jazzy_ws/src/smart_factory_arm_description/build/smart_factory_arm_description': CMAKE_PREFIX_PATH=${CMAKE_PREFIX_PATH}:/workspaces/ind-5/ros2-ws/jazzy_ws/install/turtlebot2_commander:/opt/ros/jazzy DEBUGINFOD_URLS=https://debuginfod.ubuntu.com /usr/bin/cmake --build /workspaces/ind-5/ros2-ws/jazzy_ws/src/smart_factory_arm_description/build/smart_factory_arm_description -- -j16 -l16
[3.688s] DEBUG:colcon.colcon_core.event_handler.log_command:Invoked command in '/workspaces/ind-5/ros2-ws/jazzy_ws/src/smart_factory_arm_description/build/smart_factory_arm_description' returned '0': CMAKE_PREFIX_PATH=${CMAKE_PREFIX_PATH}:/workspaces/ind-5/ros2-ws/jazzy_ws/install/turtlebot2_commander:/opt/ros/jazzy DEBUGINFOD_URLS=https://debuginfod.ubuntu.com /usr/bin/cmake --build /workspaces/ind-5/ros2-ws/jazzy_ws/src/smart_factory_arm_description/build/smart_factory_arm_description -- -j16 -l16
[3.703s] DEBUG:colcon.colcon_core.event_handler.log_command:Invoking command in '/workspaces/ind-5/ros2-ws/jazzy_ws/src/smart_factory_arm_description/build/smart_factory_arm_description': CMAKE_PREFIX_PATH=${CMAKE_PREFIX_PATH}:/workspaces/ind-5/ros2-ws/jazzy_ws/install/turtlebot2_commander:/opt/ros/jazzy DEBUGINFOD_URLS=https://debuginfod.ubuntu.com /usr/bin/cmake --install /workspaces/ind-5/ros2-ws/jazzy_ws/src/smart_factory_arm_description/build/smart_factory_arm_description
[4.188s] Level 1:colcon.colcon_core.environment:create_environment_scripts_only(smart_factory_arm_description)
[4.188s] DEBUG:colcon.colcon_core.event_handler.log_command:Invoked command in '/workspaces/ind-5/ros2-ws/jazzy_ws/src/smart_factory_arm_description/build/smart_factory_arm_description' returned '0': CMAKE_PREFIX_PATH=${CMAKE_PREFIX_PATH}:/workspaces/ind-5/ros2-ws/jazzy_ws/install/turtlebot2_commander:/opt/ros/jazzy DEBUGINFOD_URLS=https://debuginfod.ubuntu.com /usr/bin/cmake --install /workspaces/ind-5/ros2-ws/jazzy_ws/src/smart_factory_arm_description/build/smart_factory_arm_description
[4.191s] Level 1:colcon.colcon_core.environment:checking '/workspaces/ind-5/ros2-ws/jazzy_ws/src/smart_factory_arm_description/install/smart_factory_arm_description' for CMake module files
[4.191s] Level 1:colcon.colcon_core.environment:checking '/workspaces/ind-5/ros2-ws/jazzy_ws/src/smart_factory_arm_description/install/smart_factory_arm_description' for CMake config files
[4.192s] Level 1:colcon.colcon_core.shell:create_environment_hook('smart_factory_arm_description', 'cmake_prefix_path')
[4.192s] INFO:colcon.colcon_core.shell:Creating environment hook '/workspaces/ind-5/ros2-ws/jazzy_ws/src/smart_factory_arm_description/install/smart_factory_arm_description/share/smart_factory_arm_description/hook/cmake_prefix_path.ps1'
[4.193s] INFO:colcon.colcon_core.shell:Creating environment descriptor '/workspaces/ind-5/ros2-ws/jazzy_ws/src/smart_factory_arm_description/install/smart_factory_arm_description/share/smart_factory_arm_description/hook/cmake_prefix_path.dsv'
[4.193s] INFO:colcon.colcon_core.shell:Creating environment hook '/workspaces/ind-5/ros2-ws/jazzy_ws/src/smart_factory_arm_description/install/smart_factory_arm_description/share/smart_factory_arm_description/hook/cmake_prefix_path.sh'
[4.194s] Level 1:colcon.colcon_core.environment:checking '/workspaces/ind-5/ros2-ws/jazzy_ws/src/smart_factory_arm_description/install/smart_factory_arm_description/bin'
[4.194s] Level 1:colcon.colcon_core.environment:checking '/workspaces/ind-5/ros2-ws/jazzy_ws/src/smart_factory_arm_description/install/smart_factory_arm_description/lib/pkgconfig/smart_factory_arm_description.pc'
[4.196s] Level 1:colcon.colcon_core.environment:checking '/workspaces/ind-5/ros2-ws/jazzy_ws/src/smart_factory_arm_description/install/smart_factory_arm_description/lib/python3.12/site-packages'
[4.196s] Level 1:colcon.colcon_core.environment:checking '/workspaces/ind-5/ros2-ws/jazzy_ws/src/smart_factory_arm_description/install/smart_factory_arm_description/bin'
[4.196s] INFO:colcon.colcon_core.shell:Creating package script '/workspaces/ind-5/ros2-ws/jazzy_ws/src/smart_factory_arm_description/install/smart_factory_arm_description/share/smart_factory_arm_description/package.ps1'
[4.197s] INFO:colcon.colcon_core.shell:Creating package descriptor '/workspaces/ind-5/ros2-ws/jazzy_ws/src/smart_factory_arm_description/install/smart_factory_arm_description/share/smart_factory_arm_description/package.dsv'
[4.197s] INFO:colcon.colcon_core.shell:Creating package script '/workspaces/ind-5/ros2-ws/jazzy_ws/src/smart_factory_arm_description/install/smart_factory_arm_description/share/smart_factory_arm_description/package.sh'
[4.198s] INFO:colcon.colcon_core.shell:Creating package script '/workspaces/ind-5/ros2-ws/jazzy_ws/src/smart_factory_arm_description/install/smart_factory_arm_description/share/smart_factory_arm_description/package.bash'
[4.198s] INFO:colcon.colcon_core.shell:Creating package script '/workspaces/ind-5/ros2-ws/jazzy_ws/src/smart_factory_arm_description/install/smart_factory_arm_description/share/smart_factory_arm_description/package.zsh'
[4.199s] Level 1:colcon.colcon_core.environment:create_file_with_runtime_dependencies(/workspaces/ind-5/ros2-ws/jazzy_ws/src/smart_factory_arm_description/install/smart_factory_arm_description/share/colcon-core/packages/smart_factory_arm_description)
[4.199s] Level 1:colcon.colcon_core.environment:create_environment_scripts_only(smart_factory_arm_description)
[4.199s] Level 1:colcon.colcon_core.environment:checking '/workspaces/ind-5/ros2-ws/jazzy_ws/src/smart_factory_arm_description/install/smart_factory_arm_description' for CMake module files
[4.200s] Level 1:colcon.colcon_core.environment:checking '/workspaces/ind-5/ros2-ws/jazzy_ws/src/smart_factory_arm_description/install/smart_factory_arm_description' for CMake config files
[4.200s] Level 1:colcon.colcon_core.shell:create_environment_hook('smart_factory_arm_description', 'cmake_prefix_path')
[4.200s] INFO:colcon.colcon_core.shell:Creating environment hook '/workspaces/ind-5/ros2-ws/jazzy_ws/src/smart_factory_arm_description/install/smart_factory_arm_description/share/smart_factory_arm_description/hook/cmake_prefix_path.ps1'
[4.200s] INFO:colcon.colcon_core.shell:Creating environment descriptor '/workspaces/ind-5/ros2-ws/jazzy_ws/src/smart_factory_arm_description/install/smart_factory_arm_description/share/smart_factory_arm_description/hook/cmake_prefix_path.dsv'
[4.201s] INFO:colcon.colcon_core.shell:Creating environment hook '/workspaces/ind-5/ros2-ws/jazzy_ws/src/smart_factory_arm_description/install/smart_factory_arm_description/share/smart_factory_arm_description/hook/cmake_prefix_path.sh'
[4.201s] Level 1:colcon.colcon_core.environment:checking '/workspaces/ind-5/ros2-ws/jazzy_ws/src/smart_factory_arm_description/install/smart_factory_arm_description/bin'
[4.201s] Level 1:colcon.colcon_core.environment:checking '/workspaces/ind-5/ros2-ws/jazzy_ws/src/smart_factory_arm_description/install/smart_factory_arm_description/lib/pkgconfig/smart_factory_arm_description.pc'
[4.201s] Level 1:colcon.colcon_core.environment:checking '/workspaces/ind-5/ros2-ws/jazzy_ws/src/smart_factory_arm_description/install/smart_factory_arm_description/lib/python3.12/site-packages'
[4.201s] Level 1:colcon.colcon_core.environment:checking '/workspaces/ind-5/ros2-ws/jazzy_ws/src/smart_factory_arm_description/install/smart_factory_arm_description/bin'
[4.202s] INFO:colcon.colcon_core.shell:Creating package script '/workspaces/ind-5/ros2-ws/jazzy_ws/src/smart_factory_arm_description/install/smart_factory_arm_description/share/smart_factory_arm_description/package.ps1'
[4.202s] INFO:colcon.colcon_core.shell:Creating package descriptor '/workspaces/ind-5/ros2-ws/jazzy_ws/src/smart_factory_arm_description/install/smart_factory_arm_description/share/smart_factory_arm_description/package.dsv'
[4.202s] INFO:colcon.colcon_core.shell:Creating package script '/workspaces/ind-5/ros2-ws/jazzy_ws/src/smart_factory_arm_description/install/smart_factory_arm_description/share/smart_factory_arm_description/package.sh'
[4.203s] INFO:colcon.colcon_core.shell:Creating package script '/workspaces/ind-5/ros2-ws/jazzy_ws/src/smart_factory_arm_description/install/smart_factory_arm_description/share/smart_factory_arm_description/package.bash'
[4.203s] INFO:colcon.colcon_core.shell:Creating package script '/workspaces/ind-5/ros2-ws/jazzy_ws/src/smart_factory_arm_description/install/smart_factory_arm_description/share/smart_factory_arm_description/package.zsh'
[4.203s] Level 1:colcon.colcon_core.environment:create_file_with_runtime_dependencies(/workspaces/ind-5/ros2-ws/jazzy_ws/src/smart_factory_arm_description/install/smart_factory_arm_description/share/colcon-core/packages/smart_factory_arm_description)
[4.203s] DEBUG:colcon.colcon_parallel_executor.executor.parallel:closing loop
[4.204s] DEBUG:colcon.colcon_parallel_executor.executor.parallel:loop closed
[4.204s] DEBUG:colcon.colcon_parallel_executor.executor.parallel:run_until_complete finished with '0'
[4.204s] DEBUG:colcon.colcon_core.event_reactor:joining thread
[4.210s] INFO:colcon.colcon_core.plugin_system:Skipping extension 'colcon_notification.desktop_notification.notify_send': Could not find 'notify-send'
[4.210s] INFO:colcon.colcon_core.plugin_system:Skipping extension 'colcon_notification.desktop_notification.terminal_notifier': Not used on non-Darwin systems
[4.210s] INFO:colcon.colcon_core.plugin_system:Skipping extension 'colcon_notification.desktop_notification.win32': Not used on non-Windows systems
[4.210s] INFO:colcon.colcon_notification.desktop_notification:Sending desktop notification using 'notify2'
[4.213s] DEBUG:colcon.colcon_notification.desktop_notification.notify2:Failed to initialize notify2: org.freedesktop.DBus.Error.Spawn.ExecFailed: /usr/bin/dbus-launch terminated abnormally without any error message
[4.213s] DEBUG:colcon.colcon_core.event_reactor:joined thread
[4.214s] INFO:colcon.colcon_core.shell:Creating prefix script '/workspaces/ind-5/ros2-ws/jazzy_ws/src/smart_factory_arm_description/install/local_setup.ps1'
[4.216s] INFO:colcon.colcon_core.shell:Creating prefix util module '/workspaces/ind-5/ros2-ws/jazzy_ws/src/smart_factory_arm_description/install/_local_setup_util_ps1.py'
[4.216s] INFO:colcon.colcon_core.shell:Creating prefix chain script '/workspaces/ind-5/ros2-ws/jazzy_ws/src/smart_factory_arm_description/install/setup.ps1'
[4.220s] INFO:colcon.colcon_core.shell:Creating prefix script '/workspaces/ind-5/ros2-ws/jazzy_ws/src/smart_factory_arm_description/install/local_setup.sh'
[4.221s] INFO:colcon.colcon_core.shell:Creating prefix util module '/workspaces/ind-5/ros2-ws/jazzy_ws/src/smart_factory_arm_description/install/_local_setup_util_sh.py'
[4.221s] INFO:colcon.colcon_core.shell:Creating prefix chain script '/workspaces/ind-5/ros2-ws/jazzy_ws/src/smart_factory_arm_description/install/setup.sh'
[4.225s] INFO:colcon.colcon_core.shell:Creating prefix script '/workspaces/ind-5/ros2-ws/jazzy_ws/src/smart_factory_arm_description/install/local_setup.bash'
[4.226s] INFO:colcon.colcon_core.shell:Creating prefix chain script '/workspaces/ind-5/ros2-ws/jazzy_ws/src/smart_factory_arm_description/install/setup.bash'
[4.231s] INFO:colcon.colcon_core.shell:Creating prefix script '/workspaces/ind-5/ros2-ws/jazzy_ws/src/smart_factory_arm_description/install/local_setup.zsh'
[4.232s] INFO:colcon.colcon_core.shell:Creating prefix chain script '/workspaces/ind-5/ros2-ws/jazzy_ws/src/smart_factory_arm_description/install/setup.zsh'
